<?xml version="1.0" encoding="UTF-8"?>
<!-- Generated by org.testng.reporters.JUnitReportReporter -->
<testsuite hostname="DESKTOP-PUJ2SID" failures="0" tests="1" name="Cyclos_TestCases.PayUser_TestCase_UnhappyPathIntegration" time="85.009" errors="0" timestamp="2024-02-01T16:50:17 IST" skipped="0">
  <testcase classname="Cyclos_TestCases.PayUser_TestCase_UnhappyPathIntegration" name="PayUser" time="85.009"/>
  <system-out/>
</testsuite> <!-- Cyclos_TestCases.PayUser_TestCase_UnhappyPathIntegration -->
