<?xml version="1.0" encoding="UTF-8"?>
<!-- Generated by org.testng.reporters.JUnitReportReporter -->
<testsuite hostname="DESKTOP-PUJ2SID" failures="0" tests="1" name="Cyclos_TestCases.PayUser_TestCase_Installments" time="62.699" errors="0" timestamp="2024-01-30T17:33:48 IST" skipped="0">
  <testcase classname="Cyclos_TestCases.PayUser_TestCase_Installments" name="PayUser" time="62.699"/>
</testsuite> <!-- Cyclos_TestCases.PayUser_TestCase_Installments -->
