<?xml version="1.0" encoding="UTF-8"?>
<!-- Generated by org.testng.reporters.JUnitReportReporter -->
<testsuite hostname="DESKTOP-O9G7L1R" failures="0" tests="1" name="Cyclos_TestCases.Cyclos_RegisterTest" time="44.926" errors="0" timestamp="2024-01-17T10:51:34 IST" skipped="0">
  <testcase classname="Cyclos_TestCases.Cyclos_RegisterTest" name="RegisterTest" time="44.926"/>
</testsuite> <!-- Cyclos_TestCases.Cyclos_RegisterTest -->
