<?xml version="1.0" encoding="UTF-8"?>
<!-- Generated by org.testng.reporters.JUnitReportReporter -->
<testsuite hostname="DESKTOP-PUJ2SID" failures="0" tests="1" name="Cyclos_TestCases.Cyclos_TestClass" time="8.494" errors="0" timestamp="2024-01-13T00:16:58 IST" skipped="0">
  <testcase classname="Cyclos_TestCases.Cyclos_TestClass" name="LoginTest" time="8.494"/>
</testsuite> <!-- Cyclos_TestCases.Cyclos_TestClass -->
