<?xml version="1.0" encoding="UTF-8"?>
<!-- Generated by org.testng.reporters.JUnitReportReporter -->
<testsuite hostname="LAPTOP-C59RG53V" failures="0" tests="1" name="Cyclos_TestCases.Testcase_Register" time="27.880" errors="0" timestamp="2024-01-18T12:36:36 IST" skipped="0">
  <testcase classname="Cyclos_TestCases.Testcase_Register" name="registertest" time="27.880"/>
  <system-out/>
</testsuite> <!-- Cyclos_TestCases.Testcase_Register -->
