<?xml version="1.0" encoding="UTF-8"?>
<!-- Generated by org.testng.reporters.JUnitReportReporter -->
<testsuite hostname="DESKTOP-PUJ2SID" failures="0" tests="1" name="Cyclos_TestCases.PayUser_TestCase_InstallmentsIntegration" time="65.276" errors="0" timestamp="2024-02-02T14:33:55 IST" skipped="0">
  <testcase classname="Cyclos_TestCases.PayUser_TestCase_InstallmentsIntegration" name="PayUser" time="65.276"/>
  <system-out/>
</testsuite> <!-- Cyclos_TestCases.PayUser_TestCase_InstallmentsIntegration -->
