<?xml version="1.0" encoding="UTF-8"?>
<!-- Generated by org.testng.reporters.JUnitReportReporter -->
<testsuite hostname="DESKTOP-PUJ2SID" failures="0" tests="1" name="Cyclos_TestCases.Cyclos_TestClass" time="8.720" errors="0" timestamp="2024-01-11T11:57:35 IST" skipped="0">
  <testcase classname="Cyclos_TestCases.Cyclos_TestClass" name="LoginTest" time="8.720"/>
</testsuite> <!-- Cyclos_TestCases.Cyclos_TestClass -->
