<?xml version="1.0" encoding="UTF-8"?>
<!-- Generated by org.testng.reporters.JUnitReportReporter -->
<testsuite hostname="DESKTOP-O9G7L1R" failures="0" tests="1" name="Cyclos_TestCases.LoginTest" time="10.270" errors="0" timestamp="2024-01-12T20:23:29 IST" skipped="0">
  <testcase classname="Cyclos_TestCases.LoginTest" name="LoginTest" time="10.270"/>
</testsuite> <!-- Cyclos_TestCases.LoginTest -->
