<?xml version="1.0" encoding="UTF-8"?>
<!-- Generated by org.testng.reporters.JUnitReportReporter -->
<testsuite hostname="DESKTOP-G7O44RL" failures="0" tests="1" name="Cyclos_TestCases.Cyclos_LoginTest1" time="28.073" errors="0" timestamp="2024-01-12T16:02:22 IST" skipped="0">
  <testcase classname="Cyclos_TestCases.Cyclos_LoginTest1" name="logintest" time="28.073"/>
</testsuite> <!-- Cyclos_TestCases.Cyclos_LoginTest1 -->
