<?xml version="1.0" encoding="UTF-8"?>
<!-- Generated by org.testng.reporters.JUnitReportReporter -->
<testsuite hostname="DESKTOP-UJC2F7H" failures="0" tests="1" name="Cyclos_TestCases.Login_Test" time="9.620" errors="0" timestamp="2024-01-11T12:20:47 IST" skipped="0">
  <testcase classname="Cyclos_TestCases.Login_Test" name="LoginTest" time="9.620"/>
</testsuite> <!-- Cyclos_TestCases.Login_Test -->
