<?xml version="1.0" encoding="UTF-8"?>
<!-- Generated by org.testng.reporters.JUnitReportReporter -->
<testsuite hostname="DESKTOP-PUJ2SID" failures="0" tests="1" name="Cyclos_TestCases.Cyclos_RegisterTestClass" time="28.341" errors="0" timestamp="2024-01-12T15:01:02 IST" skipped="0">
  <testcase classname="Cyclos_TestCases.Cyclos_RegisterTestClass" name="RegisterTest" time="28.341"/>
</testsuite> <!-- Cyclos_TestCases.Cyclos_RegisterTestClass -->
