<?xml version="1.0" encoding="UTF-8"?>
<!-- Generated by org.testng.reporters.JUnitReportReporter -->
<testsuite hostname="DESKTOP-UJC2F7H" failures="0" tests="1" name="Cyclos_TestCases.Testcaselogin" time="10.123" errors="0" timestamp="2024-01-18T21:49:40 EST" skipped="0">
  <testcase classname="Cyclos_TestCases.Testcaselogin" name="logintest" time="10.123"/>
</testsuite> <!-- Cyclos_TestCases.Testcaselogin -->
