<?xml version="1.0" encoding="UTF-8"?>
<!-- Generated by org.testng.reporters.JUnitReportReporter -->
<testsuite hostname="LAPTOP-B4QP48U0" failures="0" tests="1" name="Cyclos_TestCases.Cyclos_TestCase" time="4.361" errors="0" timestamp="2024-01-17T10:36:46 IST" skipped="0">
  <testcase classname="Cyclos_TestCases.Cyclos_TestCase" name="LoginTest" time="4.361"/>
</testsuite> <!-- Cyclos_TestCases.Cyclos_TestCase -->
