<?xml version="1.0" encoding="UTF-8"?>
<!-- Generated by org.testng.reporters.JUnitReportReporter -->
<testsuite hostname="DESKTOP-UJC2F7H" failures="0" tests="1" name="Cyclos_TestCases.Cyclos_RegestrationTest" time="31.470" errors="0" timestamp="2024-01-17T17:05:06 IST" skipped="0">
  <testcase classname="Cyclos_TestCases.Cyclos_RegestrationTest" name="RegistrationTest" time="31.470"/>
</testsuite> <!-- Cyclos_TestCases.Cyclos_RegestrationTest -->
