<?xml version="1.0" encoding="UTF-8"?>
<!-- Generated by org.testng.reporters.JUnitReportReporter -->
<testsuite hostname="DESKTOP-UJC2F7H" failures="0" tests="1" name="Cyclos_TestCases.Login_Test" time="8.269" errors="0" timestamp="2024-01-11T10:31:43 IST" skipped="0">
  <testcase classname="Cyclos_TestCases.Login_Test" name="LoginTest" time="8.269"/>
</testsuite> <!-- Cyclos_TestCases.Login_Test -->
