<?xml version="1.0" encoding="UTF-8"?>
<!-- Generated by org.testng.reporters.JUnitReportReporter -->
<testsuite hostname="LAPTOP-B4QP48U0" failures="0" tests="1" name="Cyclos_TestCases.Cyclos_TestCase" time="5.821" errors="0" timestamp="2024-01-11T12:02:38 IST" skipped="0">
  <testcase classname="Cyclos_TestCases.Cyclos_TestCase" name="LoginTest" time="5.821"/>
</testsuite> <!-- Cyclos_TestCases.Cyclos_TestCase -->
