<?xml version="1.0" encoding="UTF-8"?>
<!-- Generated by org.testng.reporters.JUnitReportReporter -->
<testsuite hostname="LAPTOP-C59RG53V" failures="0" tests="1" name="Cyclos_TestCases.Cyclos_test" time="8.850" errors="0" timestamp="2024-01-11T12:23:45 IST" skipped="0">
  <testcase classname="Cyclos_TestCases.Cyclos_test" name="LoginTest" time="8.850"/>
</testsuite> <!-- Cyclos_TestCases.Cyclos_test -->
