<?xml version="1.0" encoding="UTF-8"?>
<!-- Generated by org.testng.reporters.JUnitReportReporter -->
<testsuite hostname="LAPTOP-B4QP48U0" failures="0" tests="1" name="Cyclos_TestCases.Registration_Test" time="23.750" errors="0" timestamp="2024-01-12T15:32:34 IST" skipped="0">
  <testcase classname="Cyclos_TestCases.Registration_Test" name="RegistrationTest" time="23.750"/>
</testsuite> <!-- Cyclos_TestCases.Registration_Test -->
