<?xml version="1.0" encoding="UTF-8"?>
<!-- Generated by org.testng.reporters.JUnitReportReporter -->
<testsuite hostname="DESKTOP-UJC2F7H" failures="0" tests="1" name="Cyclos_TestCases.Testcaselogin" time="8.269" errors="0" timestamp="2024-01-10T02:24:47 EST" skipped="0">
  <testcase classname="Cyclos_TestCases.Testcaselogin" name="logintest" time="8.269"/>
</testsuite> <!-- Cyclos_TestCases.Testcaselogin -->
