<?xml version="1.0" encoding="UTF-8"?>
<!-- Generated by org.testng.reporters.JUnitReportReporter -->
<testsuite hostname="DESKTOP-CVLA79K" failures="0" tests="1" name="Cyclos_TestCases.Cyclos_BaseClass" time="0.393" errors="0" timestamp="2024-01-12T13:28:18 IST" skipped="0">
  <testcase classname="Cyclos_TestCases.Cyclos_BaseClass" name="testLogin" time="0.393"/>
</testsuite> <!-- Cyclos_TestCases.Cyclos_BaseClass -->
