<?xml version="1.0" encoding="UTF-8"?>
<!-- Generated by org.testng.reporters.JUnitReportReporter -->
<testsuite hostname="DESKTOP-UJC2F7H" failures="0" tests="1" name="Cyclos_TestCases.Testcase_Register" time="26.336" errors="0" timestamp="2024-01-12T09:01:54 EST" skipped="0">
  <testcase classname="Cyclos_TestCases.Testcase_Register" name="registertest" time="26.336"/>
</testsuite> <!-- Cyclos_TestCases.Testcase_Register -->
