<?xml version="1.0" encoding="UTF-8"?>
<!-- Generated by org.testng.reporters.JUnitReportReporter -->
<testsuite hostname="DESKTOP-G7O44RL" failures="0" tests="1" name="Cyclos_TestCases.Cyclos_LoginTest" time="8.453" errors="0" timestamp="2024-01-12T15:05:45 IST" skipped="0">
  <testcase classname="Cyclos_TestCases.Cyclos_LoginTest" name="logintest" time="8.453"/>
</testsuite> <!-- Cyclos_TestCases.Cyclos_LoginTest -->
