<?xml version="1.0" encoding="UTF-8"?>
<!-- Generated by org.testng.reporters.JUnitReportReporter -->
<testsuite hostname="DESKTOP-O9G7L1R" failures="0" tests="1" name="Cyclos_TestCases.LoginTest" time="8.951" errors="0" timestamp="2024-01-18T15:07:07 IST" skipped="0">
  <testcase classname="Cyclos_TestCases.LoginTest" name="LoginTest" time="8.951"/>
</testsuite> <!-- Cyclos_TestCases.LoginTest -->
