<?xml version="1.0" encoding="UTF-8"?>
<!-- Generated by org.testng.reporters.JUnitReportReporter -->
<testsuite hostname="DESKTOP-O9G7L1R" failures="0" tests="1" name="Cyclos_TestCases.LoginTest" time="9.190" errors="0" timestamp="2024-01-17T09:18:59 IST" skipped="0">
  <testcase classname="Cyclos_TestCases.LoginTest" name="LoginTest" time="9.190"/>
</testsuite> <!-- Cyclos_TestCases.LoginTest -->
