<?xml version="1.0" encoding="UTF-8"?>
<!-- Generated by org.testng.reporters.JUnitReportReporter -->
<testsuite hostname="DESKTOP-PUJ2SID" failures="0" tests="1" name="Cyclos_TestCases.Cyclos_LoginTestClass" time="17.255" errors="0" timestamp="2024-01-29T16:29:37 IST" skipped="0">
  <testcase classname="Cyclos_TestCases.Cyclos_LoginTestClass" name="LoginTest1" time="17.255"/>
</testsuite> <!-- Cyclos_TestCases.Cyclos_LoginTestClass -->
